12/09/24 20:45:19 - DEBUG - urllib3.connectionpool - [_new_conn]: Starting new HTTPS connection (1): raw.githubusercontent.com:443
12/09/24 20:45:20 - DEBUG - urllib3.connectionpool - [_make_request]: https://raw.githubusercontent.com:443 "GET /rdavydov/Twitch-Channel-Points-Miner-v2/master/TwitchChannelPointsMiner/__init__.py HTTP/1.1" 200 125
12/09/24 20:45:20 - INFO - TwitchChannelPointsMiner.TwitchChannelPointsMiner - [__init__]: Twitch Channel Points Miner v2-1.9.7 (fork by rdavydov)
12/09/24 20:45:20 - INFO - TwitchChannelPointsMiner.TwitchChannelPointsMiner - [__init__]: https://github.com/rdavydov/Twitch-Channel-Points-Miner-v2
12/09/24 20:45:20 - INFO - TwitchChannelPointsMiner.TwitchChannelPointsMiner - [run]: Start session: '0f8f0f9c-c274-48bb-9c6c-c8eeae7d2bf9'
12/09/24 20:45:20 - INFO - TwitchChannelPointsMiner.classes.TwitchLogin - [login_flow]: You'll have to login to Twitch!
12/09/24 20:45:20 - INFO - TwitchChannelPointsMiner.classes.TwitchLogin - [login_flow]: Trying the TV login method..
12/09/24 20:45:20 - DEBUG - urllib3.connectionpool - [_new_conn]: Starting new HTTPS connection (1): id.twitch.tv:443
12/09/24 20:45:21 - DEBUG - urllib3.connectionpool - [_make_request]: https://id.twitch.tv:443 "POST /oauth2/device HTTP/1.1" 200 164
12/09/24 20:45:21 - INFO - TwitchChannelPointsMiner.classes.TwitchLogin - [login_flow]: Open https://www.twitch.tv/activate
12/09/24 20:45:21 - INFO - TwitchChannelPointsMiner.classes.TwitchLogin - [login_flow]: and enter this code: NQYBBHPB
12/09/24 20:45:21 - INFO - TwitchChannelPointsMiner.classes.TwitchLogin - [login_flow]: Hurry up! It will expire in 30 minutes!
12/09/24 20:45:27 - DEBUG - urllib3.connectionpool - [_make_request]: https://id.twitch.tv:443 "POST /oauth2/token HTTP/1.1" 400 49
12/09/24 20:45:32 - DEBUG - urllib3.connectionpool - [_make_request]: https://id.twitch.tv:443 "POST /oauth2/token HTTP/1.1" 400 49
12/09/24 20:45:37 - DEBUG - urllib3.connectionpool - [_make_request]: https://id.twitch.tv:443 "POST /oauth2/token HTTP/1.1" 400 49
12/09/24 20:45:43 - DEBUG - urllib3.connectionpool - [_make_request]: https://id.twitch.tv:443 "POST /oauth2/token HTTP/1.1" 400 49
12/09/24 20:45:48 - DEBUG - urllib3.connectionpool - [_make_request]: https://id.twitch.tv:443 "POST /oauth2/token HTTP/1.1" 200 248
12/09/24 20:45:48 - DEBUG - urllib3.connectionpool - [_new_conn]: Starting new HTTPS connection (1): gql.twitch.tv:443
12/09/24 20:45:49 - DEBUG - urllib3.connectionpool - [_make_request]: https://gql.twitch.tv:443 "POST /gql HTTP/1.1" 200 206
12/09/24 20:45:49 - INFO - TwitchChannelPointsMiner.classes.TwitchLogin - [save_cookies]: Saving cookies to your computer..
12/09/24 20:45:49 - INFO - TwitchChannelPointsMiner.TwitchChannelPointsMiner - [run]: Loading data for 7 streamers. Please wait...
12/09/24 20:45:50 - DEBUG - urllib3.connectionpool - [_new_conn]: Starting new HTTPS connection (1): www.twitch.tv:443
12/09/24 20:45:51 - DEBUG - urllib3.connectionpool - [_make_request]: https://www.twitch.tv:443 "GET / HTTP/1.1" 200 None
12/09/24 20:45:51 - DEBUG - TwitchChannelPointsMiner.classes.Twitch - [update_client_version]: Client version: ce763c0d-c273-4ab9-9455-fb8110612e15
12/09/24 20:45:51 - DEBUG - urllib3.connectionpool - [_new_conn]: Starting new HTTPS connection (1): gql.twitch.tv:443
